#
# There is insufficient memory for the Java Runtime Environment to continue.
# Native memory allocation (mmap) failed to map 335544320 bytes for G1 virtual space
# Possible reasons:
#   The system is out of physical RAM or swap space
#   The process is running with CompressedOops enabled, and the Java Heap may be blocking the growth of the native heap
# Possible solutions:
#   Reduce memory load on the system
#   Increase physical memory or swap space
#   Check if swap backing store is full
#   Decrease Java heap size (-Xmx/-Xms)
#   Decrease number of Java threads
#   Decrease Java thread stack sizes (-Xss)
#   Set larger code cache with -XX:ReservedCodeCacheSize=
#   JVM is running with Zero Based Compressed Oops mode in which the Java heap is
#     placed in the first 32GB address space. The Java Heap base address is the
#     maximum limit for the native heap growth. Please use -XX:HeapBaseMinAddress
#     to set the Java Heap base and to place the Java Heap above 32GB virtual address.
# This output file may be truncated or incomplete.
#
#  Out of Memory Error (os_windows.cpp:3466), pid=10444, tid=7380
#
# JRE version: OpenJDK Runtime Environment (16.0.1+9) (build 16.0.1+9-24)
# Java VM: OpenJDK 64-Bit Server VM (16.0.1+9-24, mixed mode, sharing, tiered, compressed oops, compressed class ptrs, g1 gc, windows-amd64)
# No core dump will be written. Minidumps are not enabled by default on client versions of Windows
#

---------------  S U M M A R Y ------------

Command Line: -javaagent:C:\Users\VasilievAV\.gradle\caches\modules-2\files-2.1\org.jetbrains.kotlinx\kotlinx-coroutines-core-jvm\1.5.1\59d09c330d2977b39e1e4c0e3711fc903e1b46b0\kotlinx-coroutines-core-jvm-1.5.1.jar -Dfile.encoding=windows-1251 -Duser.country=RU -Duser.language=ru -Duser.variant -ea MainKt

Host: Intel(R) Core(TM) i5-6500 CPU @ 3.20GHz, 4 cores, 31G,  Windows 10 , 64 bit Build 17763 (10.0.17763.475)
Time: Fri Jan 14 11:49:53 2022 RTZ 2 (зима) elapsed time: 0.710441 seconds (0d 0h 0m 0s)

---------------  T H R E A D  ---------------

Current thread (0x000001a95989f660):  VMThread "VM Thread" [stack: 0x00000019e0700000,0x00000019e0800000] [id=7380]

Stack: [0x00000019e0700000,0x00000019e0800000]
Native frames: (J=compiled Java code, j=interpreted, Vv=VM code, C=native code)
V  [jvm.dll+0x6687ca]
V  [jvm.dll+0x7ca3c9]
V  [jvm.dll+0x7cbb53]
V  [jvm.dll+0x7cc1b3]
V  [jvm.dll+0x242ea5]
V  [jvm.dll+0x665589]
V  [jvm.dll+0x65a175]
V  [jvm.dll+0x2fc5ab]
V  [jvm.dll+0x3037a6]
V  [jvm.dll+0x352fee]
V  [jvm.dll+0x35321f]
V  [jvm.dll+0x2d3618]
V  [jvm.dll+0x2d11a5]
V  [jvm.dll+0x2d07dc]
V  [jvm.dll+0x3158c2]
V  [jvm.dll+0x7d05eb]
V  [jvm.dll+0x7d12e4]
V  [jvm.dll+0x7d17e9]
V  [jvm.dll+0x7d1aa4]
V  [jvm.dll+0x7d1b70]
V  [jvm.dll+0x779b4a]
V  [jvm.dll+0x667666]
C  [ucrtbase.dll+0x2268a]
C  [KERNEL32.DLL+0x17974]
C  [ntdll.dll+0x5a0b1]

VM_Operation (0x00000019e01fee00): G1CollectForAllocation, mode: safepoint, requested by thread 0x000001a92dc9ed80


---------------  P R O C E S S  ---------------

Threads class SMR info:
_java_thread_list=0x000001a95a40b550, length=13, elements={
0x000001a92dc9ed80, 0x000001a9598a31c0, 0x000001a9598a61b0, 0x000001a9598b7ff0,
0x000001a9598b9b10, 0x000001a9598bc530, 0x000001a9598bee50, 0x000001a9598c29e0,
0x000001a9598ce380, 0x000001a95a426080, 0x000001a95a50f090, 0x000001a95a6b8a80,
0x000001a95a6c0fb0
}

Java Threads: ( => current thread )
  0x000001a92dc9ed80 JavaThread "main @coroutine#2" [_thread_blocked, id=13316, stack(0x00000019e0100000,0x00000019e0200000)]
  0x000001a9598a31c0 JavaThread "Reference Handler" daemon [_thread_blocked, id=20104, stack(0x00000019e0800000,0x00000019e0900000)]
  0x000001a9598a61b0 JavaThread "Finalizer" daemon [_thread_blocked, id=16088, stack(0x00000019e0900000,0x00000019e0a00000)]
  0x000001a9598b7ff0 JavaThread "Signal Dispatcher" daemon [_thread_blocked, id=19904, stack(0x00000019e0a00000,0x00000019e0b00000)]
  0x000001a9598b9b10 JavaThread "Attach Listener" daemon [_thread_blocked, id=10680, stack(0x00000019e0b00000,0x00000019e0c00000)]
  0x000001a9598bc530 JavaThread "Service Thread" daemon [_thread_blocked, id=5036, stack(0x00000019e0c00000,0x00000019e0d00000)]
  0x000001a9598bee50 JavaThread "Monitor Deflation Thread" daemon [_thread_blocked, id=7204, stack(0x00000019e0d00000,0x00000019e0e00000)]
  0x000001a9598c29e0 JavaThread "C2 CompilerThread0" daemon [_thread_blocked, id=15556, stack(0x00000019e0e00000,0x00000019e0f00000)]
  0x000001a9598ce380 JavaThread "C1 CompilerThread0" daemon [_thread_blocked, id=19708, stack(0x00000019e0f00000,0x00000019e1000000)]
  0x000001a95a426080 JavaThread "Sweeper thread" daemon [_thread_blocked, id=18420, stack(0x00000019e1000000,0x00000019e1100000)]
  0x000001a95a50f090 JavaThread "Common-Cleaner" daemon [_thread_blocked, id=11880, stack(0x00000019e1100000,0x00000019e1200000)]
  0x000001a95a6b8a80 JavaThread "Coroutines Debugger Cleaner" daemon [_thread_blocked, id=20476, stack(0x00000019e1200000,0x00000019e1300000)]
  0x000001a95a6c0fb0 JavaThread "Notification Thread" daemon [_thread_blocked, id=796, stack(0x00000019e1300000,0x00000019e1400000)]

Other Threads:
=>0x000001a95989f660 VMThread "VM Thread" [stack: 0x00000019e0700000,0x00000019e0800000] [id=7380]
  0x000001a95a6b5360 WatcherThread [stack: 0x00000019e1400000,0x00000019e1500000] [id=5752]
  0x000001a92dd14fd0 GCTaskThread "GC Thread#0" [stack: 0x00000019e0200000,0x00000019e0300000] [id=18460]
  0x000001a95a82a4a0 GCTaskThread "GC Thread#1" [stack: 0x00000019e1500000,0x00000019e1600000] [id=9276]
  0x000001a95a83db60 GCTaskThread "GC Thread#2" [stack: 0x00000019e1600000,0x00000019e1700000] [id=19920]
  0x000001a95a65c6c0 GCTaskThread "GC Thread#3" [stack: 0x00000019e1700000,0x00000019e1800000] [id=7412]
  0x000001a92dd27ed0 ConcurrentGCThread "G1 Main Marker" [stack: 0x00000019e0300000,0x00000019e0400000] [id=5096]
  0x000001a92dd29410 ConcurrentGCThread "G1 Conc#0" [stack: 0x00000019e0400000,0x00000019e0500000] [id=7532]
  0x000001a92dd6c870 ConcurrentGCThread "G1 Refine#0" [stack: 0x00000019e0500000,0x00000019e0600000] [id=20412]
  0x000001a92dd6d200 ConcurrentGCThread "G1 Service" [stack: 0x00000019e0600000,0x00000019e0700000] [id=10544]

Threads with active compile tasks:

VM state: at safepoint (normal execution)

VM Mutex/Monitor currently owned by a thread:  ([mutex/lock_event])
[0x000001a92dc99ca0] Threads_lock - owner thread: 0x000001a95989f660
[0x000001a92dc9af30] Heap_lock - owner thread: 0x000001a92dc9ed80

Heap address: 0x0000000600c00000, size: 8180 MB, Compressed Oops mode: Zero based, Oop shift amount: 3

CDS archive(s) mapped at: [0x0000000800000000-0x0000000800bb0000-0x0000000800bb0000), size 12255232, SharedBaseAddress: 0x0000000800000000, ArchiveRelocationMode: 0.
Compressed class space mapped at: 0x0000000800c00000-0x0000000840c00000, reserved size: 1073741824
Narrow klass base: 0x0000000800000000, Narrow klass shift: 3, Narrow klass range: 0x100000000

GC Precious Log:
 CPUs: 4 total, 4 available
 Memory: 32713M
 Large Page Support: Disabled
 NUMA Support: Disabled
 Compressed Oops: Enabled (Zero based)
 Heap Region Size: 4M
 Heap Min Capacity: 8M
 Heap Initial Capacity: 512M
 Heap Max Capacity: 8180M
 Pre-touch: Disabled
 Parallel Workers: 4
 Concurrent Workers: 1
 Concurrent Refinement Workers: 4
 Periodic GC: Disabled

Heap:
 garbage-first heap   total 524288K, used 2236K [0x0000000600c00000, 0x0000000800000000)
  region size 4096K, 1 young (4096K), 1 survivors (4096K)
 Metaspace       used 2001K, committed 2112K, reserved 1056768K
  class space    used 168K, committed 192K, reserved 1048576K

Heap Regions: E=young(eden), S=young(survivor), O=old, HS=humongous(starts), HC=humongous(continues), CS=collection set, F=free, OA=open archive, CA=closed archive, TAMS=top-at-mark-start (previous, next)
|   0|0x0000000600c00000, 0x0000000600c00000, 0x0000000601000000|  0%| F|  |TAMS 0x0000000600c00000, 0x0000000600c00000| Untracked 
|   1|0x0000000601000000, 0x0000000601000000, 0x0000000601400000|  0%| F|  |TAMS 0x0000000601000000, 0x0000000601000000| Untracked 
|   2|0x0000000601400000, 0x0000000601400000, 0x0000000601800000|  0%| F|  |TAMS 0x0000000601400000, 0x0000000601400000| Untracked 
|   3|0x0000000601800000, 0x0000000601800000, 0x0000000601c00000|  0%| F|  |TAMS 0x0000000601800000, 0x0000000601800000| Untracked 
|   4|0x0000000601c00000, 0x0000000601c00000, 0x0000000602000000|  0%| F|  |TAMS 0x0000000601c00000, 0x0000000601c00000| Untracked 
|   5|0x0000000602000000, 0x0000000602000000, 0x0000000602400000|  0%| F|  |TAMS 0x0000000602000000, 0x0000000602000000| Untracked 
|   6|0x0000000602400000, 0x0000000602400000, 0x0000000602800000|  0%| F|  |TAMS 0x0000000602400000, 0x0000000602400000| Untracked 
|   7|0x0000000602800000, 0x0000000602800000, 0x0000000602c00000|  0%| F|  |TAMS 0x0000000602800000, 0x0000000602800000| Untracked 
|   8|0x0000000602c00000, 0x0000000602c00000, 0x0000000603000000|  0%| F|  |TAMS 0x0000000602c00000, 0x0000000602c00000| Untracked 
|   9|0x0000000603000000, 0x0000000603000000, 0x0000000603400000|  0%| F|  |TAMS 0x0000000603000000, 0x0000000603000000| Untracked 
|  10|0x0000000603400000, 0x0000000603400000, 0x0000000603800000|  0%| F|  |TAMS 0x0000000603400000, 0x0000000603400000| Untracked 
|  11|0x0000000603800000, 0x0000000603800000, 0x0000000603c00000|  0%| F|  |TAMS 0x0000000603800000, 0x0000000603800000| Untracked 
|  12|0x0000000603c00000, 0x0000000603c00000, 0x0000000604000000|  0%| F|  |TAMS 0x0000000603c00000, 0x0000000603c00000| Untracked 
|  13|0x0000000604000000, 0x0000000604000000, 0x0000000604400000|  0%| F|  |TAMS 0x0000000604000000, 0x0000000604000000| Untracked 
|  14|0x0000000604400000, 0x0000000604400000, 0x0000000604800000|  0%| F|  |TAMS 0x0000000604400000, 0x0000000604400000| Untracked 
|  15|0x0000000604800000, 0x0000000604800000, 0x0000000604c00000|  0%| F|  |TAMS 0x0000000604800000, 0x0000000604800000| Untracked 
|  16|0x0000000604c00000, 0x0000000604c00000, 0x0000000605000000|  0%| F|  |TAMS 0x0000000604c00000, 0x0000000604c00000| Untracked 
|  17|0x0000000605000000, 0x0000000605000000, 0x0000000605400000|  0%| F|  |TAMS 0x0000000605000000, 0x0000000605000000| Untracked 
|  18|0x0000000605400000, 0x0000000605400000, 0x0000000605800000|  0%| F|  |TAMS 0x0000000605400000, 0x0000000605400000| Untracked 
|  19|0x0000000605800000, 0x0000000605800000, 0x0000000605c00000|  0%| F|  |TAMS 0x0000000605800000, 0x0000000605800000| Untracked 
|  20|0x0000000605c00000, 0x0000000605c00000, 0x0000000606000000|  0%| F|  |TAMS 0x0000000605c00000, 0x0000000605c00000| Untracked 
|  21|0x0000000606000000, 0x0000000606000000, 0x0000000606400000|  0%| F|  |TAMS 0x0000000606000000, 0x0000000606000000| Untracked 
|  22|0x0000000606400000, 0x0000000606400000, 0x0000000606800000|  0%| F|  |TAMS 0x0000000606400000, 0x0000000606400000| Untracked 
|  23|0x0000000606800000, 0x0000000606800000, 0x0000000606c00000|  0%| F|  |TAMS 0x0000000606800000, 0x0000000606800000| Untracked 
|  24|0x0000000606c00000, 0x0000000606c00000, 0x0000000607000000|  0%| F|  |TAMS 0x0000000606c00000, 0x0000000606c00000| Untracked 
|  25|0x0000000607000000, 0x0000000607000000, 0x0000000607400000|  0%| F|  |TAMS 0x0000000607000000, 0x0000000607000000| Untracked 
|  26|0x0000000607400000, 0x0000000607400000, 0x0000000607800000|  0%| F|  |TAMS 0x0000000607400000, 0x0000000607400000| Untracked 
|  27|0x0000000607800000, 0x0000000607800000, 0x0000000607c00000|  0%| F|  |TAMS 0x0000000607800000, 0x0000000607800000| Untracked 
|  28|0x0000000607c00000, 0x0000000607c00000, 0x0000000608000000|  0%| F|  |TAMS 0x0000000607c00000, 0x0000000607c00000| Untracked 
|  29|0x0000000608000000, 0x0000000608000000, 0x0000000608400000|  0%| F|  |TAMS 0x0000000608000000, 0x0000000608000000| Untracked 
|  30|0x0000000608400000, 0x0000000608400000, 0x0000000608800000|  0%| F|  |TAMS 0x0000000608400000, 0x0000000608400000| Untracked 
|  31|0x0000000608800000, 0x0000000608800000, 0x0000000608c00000|  0%| F|  |TAMS 0x0000000608800000, 0x0000000608800000| Untracked 
|  32|0x0000000608c00000, 0x0000000608c00000, 0x0000000609000000|  0%| F|  |TAMS 0x0000000608c00000, 0x0000000608c00000| Untracked 
|  33|0x0000000609000000, 0x0000000609000000, 0x0000000609400000|  0%| F|  |TAMS 0x0000000609000000, 0x0000000609000000| Untracked 
|  34|0x0000000609400000, 0x0000000609400000, 0x0000000609800000|  0%| F|  |TAMS 0x0000000609400000, 0x0000000609400000| Untracked 
|  35|0x0000000609800000, 0x0000000609800000, 0x0000000609c00000|  0%| F|  |TAMS 0x0000000609800000, 0x0000000609800000| Untracked 
|  36|0x0000000609c00000, 0x0000000609c00000, 0x000000060a000000|  0%| F|  |TAMS 0x0000000609c00000, 0x0000000609c00000| Untracked 
|  37|0x000000060a000000, 0x000000060a000000, 0x000000060a400000|  0%| F|  |TAMS 0x000000060a000000, 0x000000060a000000| Untracked 
|  38|0x000000060a400000, 0x000000060a400000, 0x000000060a800000|  0%| F|  |TAMS 0x000000060a400000, 0x000000060a400000| Untracked 
|  39|0x000000060a800000, 0x000000060a800000, 0x000000060ac00000|  0%| F|  |TAMS 0x000000060a800000, 0x000000060a800000| Untracked 
|  40|0x000000060ac00000, 0x000000060ac00000, 0x000000060b000000|  0%| F|  |TAMS 0x000000060ac00000, 0x000000060ac00000| Untracked 
|  41|0x000000060b000000, 0x000000060b000000, 0x000000060b400000|  0%| F|  |TAMS 0x000000060b000000, 0x000000060b000000| Untracked 
|  42|0x000000060b400000, 0x000000060b400000, 0x000000060b800000|  0%| F|  |TAMS 0x000000060b400000, 0x000000060b400000| Untracked 
|  43|0x000000060b800000, 0x000000060b800000, 0x000000060bc00000|  0%| F|  |TAMS 0x000000060b800000, 0x000000060b800000| Untracked 
|  44|0x000000060bc00000, 0x000000060bc00000, 0x000000060c000000|  0%| F|  |TAMS 0x000000060bc00000, 0x000000060bc00000| Untracked 
|  45|0x000000060c000000, 0x000000060c000000, 0x000000060c400000|  0%| F|  |TAMS 0x000000060c000000, 0x000000060c000000| Untracked 
|  46|0x000000060c400000, 0x000000060c400000, 0x000000060c800000|  0%| F|  |TAMS 0x000000060c400000, 0x000000060c400000| Untracked 
|  47|0x000000060c800000, 0x000000060c800000, 0x000000060cc00000|  0%| F|  |TAMS 0x000000060c800000, 0x000000060c800000| Untracked 
|  48|0x000000060cc00000, 0x000000060cc00000, 0x000000060d000000|  0%| F|  |TAMS 0x000000060cc00000, 0x000000060cc00000| Untracked 
|  49|0x000000060d000000, 0x000000060d000000, 0x000000060d400000|  0%| F|  |TAMS 0x000000060d000000, 0x000000060d000000| Untracked 
|  50|0x000000060d400000, 0x000000060d400000, 0x000000060d800000|  0%| F|  |TAMS 0x000000060d400000, 0x000000060d400000| Untracked 
|  51|0x000000060d800000, 0x000000060da2f250, 0x000000060dc00000| 54%| S|CS|TAMS 0x000000060d800000, 0x000000060d800000| Complete 
|  52|0x000000060dc00000, 0x000000060dc00000, 0x000000060e000000|  0%| F|  |TAMS 0x000000060dc00000, 0x000000060dc00000| Untracked 
|  53|0x000000060e000000, 0x000000060e000000, 0x000000060e400000|  0%| F|  |TAMS 0x000000060e000000, 0x000000060e000000| Untracked 
|  54|0x000000060e400000, 0x000000060e400000, 0x000000060e800000|  0%| F|  |TAMS 0x000000060e400000, 0x000000060e400000| Untracked 
|  55|0x000000060e800000, 0x000000060e800000, 0x000000060ec00000|  0%| F|  |TAMS 0x000000060e800000, 0x000000060e800000| Untracked 
|  56|0x000000060ec00000, 0x000000060ec00000, 0x000000060f000000|  0%| F|  |TAMS 0x000000060ec00000, 0x000000060ec00000| Untracked 
|  57|0x000000060f000000, 0x000000060f000000, 0x000000060f400000|  0%| F|  |TAMS 0x000000060f000000, 0x000000060f000000| Untracked 
|  58|0x000000060f400000, 0x000000060f400000, 0x000000060f800000|  0%| F|  |TAMS 0x000000060f400000, 0x000000060f400000| Untracked 
|  59|0x000000060f800000, 0x000000060f800000, 0x000000060fc00000|  0%| F|  |TAMS 0x000000060f800000, 0x000000060f800000| Untracked 
|  60|0x000000060fc00000, 0x000000060fc00000, 0x0000000610000000|  0%| F|  |TAMS 0x000000060fc00000, 0x000000060fc00000| Untracked 
|  61|0x0000000610000000, 0x0000000610000000, 0x0000000610400000|  0%| F|  |TAMS 0x0000000610000000, 0x0000000610000000| Untracked 
|  62|0x0000000610400000, 0x0000000610400000, 0x0000000610800000|  0%| F|  |TAMS 0x0000000610400000, 0x0000000610400000| Untracked 
|  63|0x0000000610800000, 0x0000000610800000, 0x0000000610c00000|  0%| F|  |TAMS 0x0000000610800000, 0x0000000610800000| Untracked 
|  64|0x0000000610c00000, 0x0000000610c00000, 0x0000000611000000|  0%| F|  |TAMS 0x0000000610c00000, 0x0000000610c00000| Untracked 
|  65|0x0000000611000000, 0x0000000611000000, 0x0000000611400000|  0%| F|  |TAMS 0x0000000611000000, 0x0000000611000000| Untracked 
|  66|0x0000000611400000, 0x0000000611400000, 0x0000000611800000|  0%| F|  |TAMS 0x0000000611400000, 0x0000000611400000| Untracked 
|  67|0x0000000611800000, 0x0000000611800000, 0x0000000611c00000|  0%| F|  |TAMS 0x0000000611800000, 0x0000000611800000| Untracked 
|  68|0x0000000611c00000, 0x0000000611c00000, 0x0000000612000000|  0%| F|  |TAMS 0x0000000611c00000, 0x0000000611c00000| Untracked 
|  69|0x0000000612000000, 0x0000000612000000, 0x0000000612400000|  0%| F|  |TAMS 0x0000000612000000, 0x0000000612000000| Untracked 
|  70|0x0000000612400000, 0x0000000612400000, 0x0000000612800000|  0%| F|  |TAMS 0x0000000612400000, 0x0000000612400000| Untracked 
|  71|0x0000000612800000, 0x0000000612800000, 0x0000000612c00000|  0%| F|  |TAMS 0x0000000612800000, 0x0000000612800000| Untracked 
|  72|0x0000000612c00000, 0x0000000612c00000, 0x0000000613000000|  0%| F|  |TAMS 0x0000000612c00000, 0x0000000612c00000| Untracked 
|  73|0x0000000613000000, 0x0000000613000000, 0x0000000613400000|  0%| F|  |TAMS 0x0000000613000000, 0x0000000613000000| Untracked 
|  74|0x0000000613400000, 0x0000000613400000, 0x0000000613800000|  0%| F|  |TAMS 0x0000000613400000, 0x0000000613400000| Untracked 
|  75|0x0000000613800000, 0x0000000613800000, 0x0000000613c00000|  0%| F|  |TAMS 0x0000000613800000, 0x0000000613800000| Untracked 
|  76|0x0000000613c00000, 0x0000000613c00000, 0x0000000614000000|  0%| F|  |TAMS 0x0000000613c00000, 0x0000000613c00000| Untracked 
|  77|0x0000000614000000, 0x0000000614000000, 0x0000000614400000|  0%| F|  |TAMS 0x0000000614000000, 0x0000000614000000| Untracked 
|  78|0x0000000614400000, 0x0000000614400000, 0x0000000614800000|  0%| F|  |TAMS 0x0000000614400000, 0x0000000614400000| Untracked 
|  79|0x0000000614800000, 0x0000000614800000, 0x0000000614c00000|  0%| F|  |TAMS 0x0000000614800000, 0x0000000614800000| Untracked 
|  80|0x0000000614c00000, 0x0000000614c00000, 0x0000000615000000|  0%| F|  |TAMS 0x0000000614c00000, 0x0000000614c00000| Untracked 
|  81|0x0000000615000000, 0x0000000615000000, 0x0000000615400000|  0%| F|  |TAMS 0x0000000615000000, 0x0000000615000000| Untracked 
|  82|0x0000000615400000, 0x0000000615400000, 0x0000000615800000|  0%| F|  |TAMS 0x0000000615400000, 0x0000000615400000| Untracked 
|  83|0x0000000615800000, 0x0000000615800000, 0x0000000615c00000|  0%| F|  |TAMS 0x0000000615800000, 0x0000000615800000| Untracked 
|  84|0x0000000615c00000, 0x0000000615c00000, 0x0000000616000000|  0%| F|  |TAMS 0x0000000615c00000, 0x0000000615c00000| Untracked 
|  85|0x0000000616000000, 0x0000000616000000, 0x0000000616400000|  0%| F|  |TAMS 0x0000000616000000, 0x0000000616000000| Untracked 
|  86|0x0000000616400000, 0x0000000616400000, 0x0000000616800000|  0%| F|  |TAMS 0x0000000616400000, 0x0000000616400000| Untracked 
|  87|0x0000000616800000, 0x0000000616800000, 0x0000000616c00000|  0%| F|  |TAMS 0x0000000616800000, 0x0000000616800000| Untracked 
|  88|0x0000000616c00000, 0x0000000616c00000, 0x0000000617000000|  0%| F|  |TAMS 0x0000000616c00000, 0x0000000616c00000| Untracked 
|  89|0x0000000617000000, 0x0000000617000000, 0x0000000617400000|  0%| F|  |TAMS 0x0000000617000000, 0x0000000617000000| Untracked 
|  90|0x0000000617400000, 0x0000000617400000, 0x0000000617800000|  0%| F|  |TAMS 0x0000000617400000, 0x0000000617400000| Untracked 
|  91|0x0000000617800000, 0x0000000617800000, 0x0000000617c00000|  0%| F|  |TAMS 0x0000000617800000, 0x0000000617800000| Untracked 
|  92|0x0000000617c00000, 0x0000000617c00000, 0x0000000618000000|  0%| F|  |TAMS 0x0000000617c00000, 0x0000000617c00000| Untracked 
|  93|0x0000000618000000, 0x0000000618000000, 0x0000000618400000|  0%| F|  |TAMS 0x0000000618000000, 0x0000000618000000| Untracked 
|  94|0x0000000618400000, 0x0000000618400000, 0x0000000618800000|  0%| F|  |TAMS 0x0000000618400000, 0x0000000618400000| Untracked 
|  95|0x0000000618800000, 0x0000000618800000, 0x0000000618c00000|  0%| F|  |TAMS 0x0000000618800000, 0x0000000618800000| Untracked 
|  96|0x0000000618c00000, 0x0000000618c00000, 0x0000000619000000|  0%| F|  |TAMS 0x0000000618c00000, 0x0000000618c00000| Untracked 
|  97|0x0000000619000000, 0x0000000619000000, 0x0000000619400000|  0%| F|  |TAMS 0x0000000619000000, 0x0000000619000000| Untracked 
|  98|0x0000000619400000, 0x0000000619400000, 0x0000000619800000|  0%| F|  |TAMS 0x0000000619400000, 0x0000000619400000| Untracked 
|  99|0x0000000619800000, 0x0000000619800000, 0x0000000619c00000|  0%| F|  |TAMS 0x0000000619800000, 0x0000000619800000| Untracked 
| 100|0x0000000619c00000, 0x0000000619c00000, 0x000000061a000000|  0%| F|  |TAMS 0x0000000619c00000, 0x0000000619c00000| Untracked 
| 101|0x000000061a000000, 0x000000061a000000, 0x000000061a400000|  0%| F|  |TAMS 0x000000061a000000, 0x000000061a000000| Untracked 
| 102|0x000000061a400000, 0x000000061a400000, 0x000000061a800000|  0%| F|  |TAMS 0x000000061a400000, 0x000000061a400000| Untracked 
| 103|0x000000061a800000, 0x000000061a800000, 0x000000061ac00000|  0%| F|  |TAMS 0x000000061a800000, 0x000000061a800000| Untracked 
| 104|0x000000061ac00000, 0x000000061ac00000, 0x000000061b000000|  0%| F|  |TAMS 0x000000061ac00000, 0x000000061ac00000| Untracked 
| 105|0x000000061b000000, 0x000000061b000000, 0x000000061b400000|  0%| F|  |TAMS 0x000000061b000000, 0x000000061b000000| Untracked 
| 106|0x000000061b400000, 0x000000061b400000, 0x000000061b800000|  0%| F|  |TAMS 0x000000061b400000, 0x000000061b400000| Untracked 
| 107|0x000000061b800000, 0x000000061b800000, 0x000000061bc00000|  0%| F|  |TAMS 0x000000061b800000, 0x000000061b800000| Untracked 
| 108|0x000000061bc00000, 0x000000061bc00000, 0x000000061c000000|  0%| F|  |TAMS 0x000000061bc00000, 0x000000061bc00000| Untracked 
| 109|0x000000061c000000, 0x000000061c000000, 0x000000061c400000|  0%| F|  |TAMS 0x000000061c000000, 0x000000061c000000| Untracked 
| 110|0x000000061c400000, 0x000000061c400000, 0x000000061c800000|  0%| F|  |TAMS 0x000000061c400000, 0x000000061c400000| Untracked 
| 111|0x000000061c800000, 0x000000061c800000, 0x000000061cc00000|  0%| F|  |TAMS 0x000000061c800000, 0x000000061c800000| Untracked 
| 112|0x000000061cc00000, 0x000000061cc00000, 0x000000061d000000|  0%| F|  |TAMS 0x000000061cc00000, 0x000000061cc00000| Untracked 
| 113|0x000000061d000000, 0x000000061d000000, 0x000000061d400000|  0%| F|  |TAMS 0x000000061d000000, 0x000000061d000000| Untracked 
| 114|0x000000061d400000, 0x000000061d400000, 0x000000061d800000|  0%| F|  |TAMS 0x000000061d400000, 0x000000061d400000| Untracked 
| 115|0x000000061d800000, 0x000000061d800000, 0x000000061dc00000|  0%| F|  |TAMS 0x000000061d800000, 0x000000061d800000| Untracked 
| 116|0x000000061dc00000, 0x000000061dc00000, 0x000000061e000000|  0%| F|  |TAMS 0x000000061dc00000, 0x000000061dc00000| Untracked 
| 117|0x000000061e000000, 0x000000061e000000, 0x000000061e400000|  0%| F|  |TAMS 0x000000061e000000, 0x000000061e000000| Untracked 
| 118|0x000000061e400000, 0x000000061e400000, 0x000000061e800000|  0%| F|  |TAMS 0x000000061e400000, 0x000000061e400000| Untracked 
| 119|0x000000061e800000, 0x000000061e800000, 0x000000061ec00000|  0%| F|  |TAMS 0x000000061e800000, 0x000000061e800000| Untracked 
| 120|0x000000061ec00000, 0x000000061ec00000, 0x000000061f000000|  0%| F|  |TAMS 0x000000061ec00000, 0x000000061ec00000| Untracked 
| 121|0x000000061f000000, 0x000000061f000000, 0x000000061f400000|  0%| F|  |TAMS 0x000000061f000000, 0x000000061f000000| Untracked 
| 122|0x000000061f400000, 0x000000061f400000, 0x000000061f800000|  0%| F|  |TAMS 0x000000061f400000, 0x000000061f400000| Untracked 
| 123|0x000000061f800000, 0x000000061f800000, 0x000000061fc00000|  0%| F|  |TAMS 0x000000061f800000, 0x000000061f800000| Untracked 
| 124|0x000000061fc00000, 0x000000061fc00000, 0x0000000620000000|  0%| F|  |TAMS 0x000000061fc00000, 0x000000061fc00000| Untracked 
| 125|0x0000000620000000, 0x0000000620000000, 0x0000000620400000|  0%| F|  |TAMS 0x0000000620000000, 0x0000000620000000| Untracked 
| 126|0x0000000620400000, 0x0000000620400000, 0x0000000620800000|  0%| F|  |TAMS 0x0000000620400000, 0x0000000620400000| Untracked 
| 127|0x0000000620800000, 0x0000000620800000, 0x0000000620c00000|  0%| F|  |TAMS 0x0000000620800000, 0x0000000620800000| Untracked 

Card table byte_map: [0x000001a945400000,0x000001a946400000] _byte_map_base: 0x000001a9423fa000

Marking Bits (Prev, Next): (CMBitMap*) 0x000001a92dd17570, (CMBitMap*) 0x000001a92dd175b0
 Prev Bits: [0x000001a947400000, 0x000001a94f3d0000)
 Next Bits: [0x000001a94f3d0000, 0x000001a9573a0000)

Polling page: 0x000001a92d470000

Metaspace:

Usage:
  Non-class:      1.79 MB used.
      Class:    168.14 KB used.
       Both:      1.95 MB used.

Virtual space:
  Non-class space:        8.00 MB reserved,       1.88 MB ( 23%) committed,  1 nodes.
      Class space:        1.00 GB reserved,     192.00 KB ( <1%) committed,  1 nodes.
              Both:        1.01 GB reserved,       2.06 MB ( <1%) committed. 

Chunk freelists:
   Non-Class:  3.09 MB
       Class:  3.64 MB
        Both:  6.73 MB

MaxMetaspaceSize: 17179869184.00 GB
CompressedClassSpaceSize: 1.00 GB
 - commit_granule_bytes: 65536.
 - commit_granule_words: 8192.
 - virtual_space_node_default_size: 1048576.
 - enlarge_chunks_in_place: 1.
 - new_chunks_are_fully_committed: 0.
 - uncommit_free_chunks: 1.
 - use_allocation_guard: 0.
 - handle_deallocations: 1.


Internal statistics:

num_allocs_failed_limit: 0.
num_arena_births: 8.
num_arena_deaths: 0.
num_vsnodes_births: 2.
num_vsnodes_deaths: 0.
num_space_committed: 33.
num_space_uncommitted: 0.
num_chunks_returned_to_freelist: 0.
num_chunks_taken_from_freelist: 48.
num_chunk_merges: 0.
num_chunk_splits: 39.
num_chunks_enlarged: 35.
num_purges: 0.

CodeHeap 'non-profiled nmethods': size=120000Kb used=165Kb max_used=165Kb free=119834Kb
 bounds [0x000001a93ced0000, 0x000001a93d140000, 0x000001a944400000]
CodeHeap 'profiled nmethods': size=120000Kb used=821Kb max_used=821Kb free=119178Kb
 bounds [0x000001a9359a0000, 0x000001a935c10000, 0x000001a93ced0000]
CodeHeap 'non-nmethods': size=5760Kb used=1149Kb max_used=1167Kb free=4611Kb
 bounds [0x000001a935400000, 0x000001a935670000, 0x000001a9359a0000]
 total_blobs=928 nmethods=497 adapters=344
 compilation: enabled
              stopped_count=0, restarted_count=0
 full_count=0

Compilation events (20 events):
Event: 0.205 Thread 0x000001a9598ce380 nmethod 490 0x000001a935a69e90 code [0x000001a935a6a0a0, 0x000001a935a6a928]
Event: 0.205 Thread 0x000001a9598ce380  488       3       java.math.BigInteger::<init> (38 bytes)
Event: 0.205 Thread 0x000001a9598ce380 nmethod 488 0x000001a935a6ac90 code [0x000001a935a6ae80, 0x000001a935a6b3a8]
Event: 0.205 Thread 0x000001a9598ce380  489       3       java.math.BigInteger::add (123 bytes)
Event: 0.205 Thread 0x000001a9598ce380 nmethod 489 0x000001a935a6b590 code [0x000001a935a6b7c0, 0x000001a935a6bdc8]
Event: 0.210 Thread 0x000001a9598c29e0 nmethod 483 0x000001a93cef5510 code [0x000001a93cef56a0, 0x000001a93cef5bb8]
Event: 0.210 Thread 0x000001a9598c29e0  491       4       java.math.BigInteger::add (215 bytes)
Event: 0.220 Thread 0x000001a9598c29e0 nmethod 491 0x000001a93cef5e10 code [0x000001a93cef5fc0, 0x000001a93cef6698]
Event: 0.220 Thread 0x000001a9598c29e0  492       4       kotlin.jvm.internal.Intrinsics::checkNotNullExpressionValue (38 bytes)
Event: 0.220 Thread 0x000001a9598c29e0 nmethod 492 0x000001a93cef6910 code [0x000001a93cef6a80, 0x000001a93cef6af8]
Event: 0.220 Thread 0x000001a9598c29e0  493       4       java.math.BigInteger::<init> (38 bytes)
Event: 0.221 Thread 0x000001a9598c29e0 nmethod 493 0x000001a93cef6c10 code [0x000001a93cef6da0, 0x000001a93cef6f78]
Event: 0.221 Thread 0x000001a9598c29e0  494       4       java.math.BigInteger::add (123 bytes)
Event: 0.234 Thread 0x000001a9598c29e0 nmethod 494 0x000001a93cef7090 code [0x000001a93cef7240, 0x000001a93cef7c38]
Event: 0.308 Thread 0x000001a9598ce380  495 %     3       Fibonacci::take @ 49 (123 bytes)
Event: 0.308 Thread 0x000001a9598ce380 nmethod 495% 0x000001a935a6bf90 code [0x000001a935a6c1e0, 0x000001a935a6c798]
Event: 0.311 Thread 0x000001a9598ce380  496       3       Fibonacci::take (123 bytes)
Event: 0.312 Thread 0x000001a9598ce380 nmethod 496 0x000001a935a6ca90 code [0x000001a935a6cce0, 0x000001a935a6d1f8]
Event: 0.515 Thread 0x000001a9598c29e0  497 %     4       Fibonacci::take @ 49 (123 bytes)
Event: 0.532 Thread 0x000001a9598c29e0 nmethod 497% 0x000001a93cef8110 code [0x000001a93cef82e0, 0x000001a93cef8ef8]

GC Heap History (11 events):
Event: 0.224 GC heap before
{Heap before GC invocations=0 (full 0):
 garbage-first heap   total 524288K, used 24576K [0x0000000600c00000, 0x0000000800000000)
  region size 4096K, 6 young (24576K), 0 survivors (0K)
 Metaspace       used 1999K, committed 2112K, reserved 1056768K
  class space    used 168K, committed 192K, reserved 1048576K
}
Event: 0.226 GC heap after
{Heap after GC invocations=1 (full 0):
 garbage-first heap   total 524288K, used 1983K [0x0000000600c00000, 0x0000000800000000)
  region size 4096K, 1 young (4096K), 1 survivors (4096K)
 Metaspace       used 1999K, committed 2112K, reserved 1056768K
  class space    used 168K, committed 192K, reserved 1048576K
}
Event: 0.235 GC heap before
{Heap before GC invocations=1 (full 0):
 garbage-first heap   total 524288K, used 22463K [0x0000000600c00000, 0x0000000800000000)
  region size 4096K, 6 young (24576K), 1 survivors (4096K)
 Metaspace       used 1999K, committed 2112K, reserved 1056768K
  class space    used 168K, committed 192K, reserved 1048576K
}
Event: 0.236 GC heap after
{Heap after GC invocations=2 (full 0):
 garbage-first heap   total 524288K, used 2140K [0x0000000600c00000, 0x0000000800000000)
  region size 4096K, 1 young (4096K), 1 survivors (4096K)
 Metaspace       used 1999K, committed 2112K, reserved 1056768K
  class space    used 168K, committed 192K, reserved 1048576K
}
Event: 0.259 GC heap before
{Heap before GC invocations=2 (full 0):
 garbage-first heap   total 524288K, used 43100K [0x0000000600c00000, 0x0000000800000000)
  region size 4096K, 11 young (45056K), 1 survivors (4096K)
 Metaspace       used 1999K, committed 2112K, reserved 1056768K
  class space    used 168K, committed 192K, reserved 1048576K
}
Event: 0.260 GC heap after
{Heap after GC invocations=3 (full 0):
 garbage-first heap   total 524288K, used 2119K [0x0000000600c00000, 0x0000000800000000)
  region size 4096K, 1 young (4096K), 1 survivors (4096K)
 Metaspace       used 1999K, committed 2112K, reserved 1056768K
  class space    used 168K, committed 192K, reserved 1048576K
}
Event: 0.482 GC heap before
{Heap before GC invocations=3 (full 0):
 garbage-first heap   total 524288K, used 309319K [0x0000000600c00000, 0x0000000800000000)
  region size 4096K, 76 young (311296K), 1 survivors (4096K)
 Metaspace       used 2001K, committed 2112K, reserved 1056768K
  class space    used 168K, committed 192K, reserved 1048576K
}
Event: 0.484 GC heap after
{Heap after GC invocations=4 (full 0):
 garbage-first heap   total 524288K, used 2139K [0x0000000600c00000, 0x0000000800000000)
  region size 4096K, 1 young (4096K), 1 survivors (4096K)
 Metaspace       used 2001K, committed 2112K, reserved 1056768K
  class space    used 168K, committed 192K, reserved 1048576K
}
Event: 0.600 GC heap before
{Heap before GC invocations=4 (full 0):
 garbage-first heap   total 524288K, used 309339K [0x0000000600c00000, 0x0000000800000000)
  region size 4096K, 76 young (311296K), 1 survivors (4096K)
 Metaspace       used 2001K, committed 2112K, reserved 1056768K
  class space    used 168K, committed 192K, reserved 1048576K
}
Event: 0.601 GC heap after
{Heap after GC invocations=5 (full 0):
 garbage-first heap   total 524288K, used 2231K [0x0000000600c00000, 0x0000000800000000)
  region size 4096K, 1 young (4096K), 1 survivors (4096K)
 Metaspace       used 2001K, committed 2112K, reserved 1056768K
  class space    used 168K, committed 192K, reserved 1048576K
}
Event: 0.707 GC heap before
{Heap before GC invocations=5 (full 0):
 garbage-first heap   total 524288K, used 309431K [0x0000000600c00000, 0x0000000800000000)
  region size 4096K, 76 young (311296K), 1 survivors (4096K)
 Metaspace       used 2001K, committed 2112K, reserved 1056768K
  class space    used 168K, committed 192K, reserved 1048576K
}

Deoptimization events (20 events):
Event: 0.076 Thread 0x000001a92dc9ed80 DEOPT PACKING pc=0x000001a9359cebc6 sp=0x00000019e01fc8b0
Event: 0.076 Thread 0x000001a92dc9ed80 DEOPT UNPACKING pc=0x000001a93544dece sp=0x00000019e01fbdd0 mode 0
Event: 0.076 Thread 0x000001a92dc9ed80 DEOPT PACKING pc=0x000001a9359cebc6 sp=0x00000019e01fc8b0
Event: 0.077 Thread 0x000001a92dc9ed80 DEOPT UNPACKING pc=0x000001a93544dece sp=0x00000019e01fbdd0 mode 0
Event: 0.077 Thread 0x000001a92dc9ed80 DEOPT PACKING pc=0x000001a9359cebc6 sp=0x00000019e01fc8b0
Event: 0.077 Thread 0x000001a92dc9ed80 DEOPT UNPACKING pc=0x000001a93544dece sp=0x00000019e01fbdd0 mode 0
Event: 0.077 Thread 0x000001a92dc9ed80 DEOPT PACKING pc=0x000001a9359cf494 sp=0x00000019e01fc910
Event: 0.077 Thread 0x000001a92dc9ed80 DEOPT UNPACKING pc=0x000001a93544dece sp=0x00000019e01fbdc0 mode 0
Event: 0.077 Thread 0x000001a92dc9ed80 DEOPT PACKING pc=0x000001a9359cebc6 sp=0x00000019e01fc8b0
Event: 0.077 Thread 0x000001a92dc9ed80 DEOPT UNPACKING pc=0x000001a93544dece sp=0x00000019e01fbdd0 mode 0
Event: 0.077 Thread 0x000001a92dc9ed80 DEOPT PACKING pc=0x000001a9359cf494 sp=0x00000019e01fc910
Event: 0.077 Thread 0x000001a92dc9ed80 DEOPT UNPACKING pc=0x000001a93544dece sp=0x00000019e01fbdc0 mode 0
Event: 0.077 Thread 0x000001a92dc9ed80 DEOPT PACKING pc=0x000001a9359cebc6 sp=0x00000019e01fc8b0
Event: 0.077 Thread 0x000001a92dc9ed80 DEOPT UNPACKING pc=0x000001a93544dece sp=0x00000019e01fbdd0 mode 0
Event: 0.077 Thread 0x000001a92dc9ed80 DEOPT PACKING pc=0x000001a9359cf494 sp=0x00000019e01fc910
Event: 0.077 Thread 0x000001a92dc9ed80 DEOPT UNPACKING pc=0x000001a93544dece sp=0x00000019e01fbdc0 mode 0
Event: 0.202 Thread 0x000001a92dc9ed80 DEOPT PACKING pc=0x000001a935a19643 sp=0x00000019e01fdb00
Event: 0.202 Thread 0x000001a92dc9ed80 DEOPT UNPACKING pc=0x000001a93544dece sp=0x00000019e01fcf50 mode 0
Event: 0.542 Thread 0x000001a92dc9ed80 DEOPT PACKING pc=0x000001a935a6c660 sp=0x00000019e01ff040
Event: 0.542 Thread 0x000001a92dc9ed80 DEOPT UNPACKING pc=0x000001a93544dece sp=0x00000019e01fe518 mode 0

Classes unloaded (0 events):
No events

Classes redefined (0 events):
No events

Internal exceptions (0 events):
No events

Events (20 events):
Event: 0.169 loading class sun/net/www/protocol/jar/URLJarFile$URLJarFileEntry done
Event: 0.169 loading class sun/net/www/protocol/jar/JarURLConnection$JarURLInputStream
Event: 0.169 loading class sun/net/www/protocol/jar/JarURLConnection$JarURLInputStream done
Event: 0.179 loading class java/lang/NumberFormatException
Event: 0.179 loading class java/lang/NumberFormatException done
Event: 0.179 loading class java/util/ArrayList$ListItr
Event: 0.179 loading class java/util/ArrayList$ListItr done
Event: 0.189 loading class java/lang/IndexOutOfBoundsException
Event: 0.189 loading class java/lang/IndexOutOfBoundsException done
Event: 0.224 Executing  VM operation: G1CollectForAllocation
Event: 0.226 Executing  VM operation: G1CollectForAllocation done
Event: 0.235 Executing  VM operation: G1CollectForAllocation
Event: 0.236 Executing  VM operation: G1CollectForAllocation done
Event: 0.259 Executing  VM operation: G1CollectForAllocation
Event: 0.260 Executing  VM operation: G1CollectForAllocation done
Event: 0.482 Executing  VM operation: G1CollectForAllocation
Event: 0.484 Executing  VM operation: G1CollectForAllocation done
Event: 0.599 Executing  VM operation: G1CollectForAllocation
Event: 0.601 Executing  VM operation: G1CollectForAllocation done
Event: 0.707 Executing  VM operation: G1CollectForAllocation


Dynamic libraries:
0x00007ff6e7da0000 - 0x00007ff6e7dae000 	C:\Users\VasilievAV\.jdks\openjdk-16.0.1\bin\java.exe
0x00007ffd0bfa0000 - 0x00007ffd0c18d000 	C:\Windows\SYSTEM32\ntdll.dll
0x00007ffd09200000 - 0x00007ffd092b3000 	C:\Windows\System32\KERNEL32.DLL
0x00007ffd08760000 - 0x00007ffd089f5000 	C:\Windows\System32\KERNELBASE.dll
0x00007ffd08630000 - 0x00007ffd0872a000 	C:\Windows\System32\ucrtbase.dll
0x00007ffcfc6c0000 - 0x00007ffcfc6d8000 	C:\Users\VasilievAV\.jdks\openjdk-16.0.1\bin\jli.dll
0x00007ffcfc3c0000 - 0x00007ffcfc3d9000 	C:\Users\VasilievAV\.jdks\openjdk-16.0.1\bin\VCRUNTIME140.dll
0x00007ffd09fe0000 - 0x00007ffd0a177000 	C:\Windows\System32\USER32.dll
0x00007ffd084e0000 - 0x00007ffd08500000 	C:\Windows\System32\win32u.dll
0x00007ffd0a320000 - 0x00007ffd0a349000 	C:\Windows\System32\GDI32.dll
0x00007ffcf26f0000 - 0x00007ffcf2969000 	C:\Windows\WinSxS\amd64_microsoft.windows.common-controls_6595b64144ccf1df_6.0.17763.1697_none_de7644c45346d6cf\COMCTL32.dll
0x00007ffd08340000 - 0x00007ffd084dc000 	C:\Windows\System32\gdi32full.dll
0x00007ffd082a0000 - 0x00007ffd08340000 	C:\Windows\System32\msvcp_win.dll
0x00007ffd09920000 - 0x00007ffd099be000 	C:\Windows\System32\msvcrt.dll
0x00007ffd0bb40000 - 0x00007ffd0be6e000 	C:\Windows\System32\combase.dll
0x00007ffd092c0000 - 0x00007ffd093e0000 	C:\Windows\System32\RPCRT4.dll
0x00007ffd085b0000 - 0x00007ffd0862f000 	C:\Windows\System32\bcryptPrimitives.dll
0x00007ffd09fa0000 - 0x00007ffd09fce000 	C:\Windows\System32\IMM32.DLL
0x00007ffd03a20000 - 0x00007ffd03a2c000 	C:\Users\VasilievAV\.jdks\openjdk-16.0.1\bin\vcruntime140_1.dll
0x00007ffcdef50000 - 0x00007ffcdefe1000 	C:\Users\VasilievAV\.jdks\openjdk-16.0.1\bin\msvcp140.dll
0x00007ffcb1b20000 - 0x00007ffcb26cb000 	C:\Users\VasilievAV\.jdks\openjdk-16.0.1\bin\server\jvm.dll
0x00007ffd0a420000 - 0x00007ffd0a4c3000 	C:\Windows\System32\ADVAPI32.dll
0x00007ffd09880000 - 0x00007ffd0991f000 	C:\Windows\System32\sechost.dll
0x00007ffd0be70000 - 0x00007ffd0be78000 	C:\Windows\System32\PSAPI.DLL
0x00007ffd03e90000 - 0x00007ffd03e99000 	C:\Windows\SYSTEM32\WSOCK32.dll
0x00007ffd018c0000 - 0x00007ffd018e4000 	C:\Windows\SYSTEM32\WINMM.dll
0x00007ffd01d40000 - 0x00007ffd01d4a000 	C:\Windows\SYSTEM32\VERSION.dll
0x00007ffd0bf30000 - 0x00007ffd0bf9d000 	C:\Windows\System32\WS2_32.dll
0x00007ffd01890000 - 0x00007ffd018bd000 	C:\Windows\SYSTEM32\WINMMBASE.dll
0x00007ffd08a00000 - 0x00007ffd08a4a000 	C:\Windows\System32\cfgmgr32.dll
0x00007ffd07fd0000 - 0x00007ffd07fe1000 	C:\Windows\System32\kernel.appcore.dll
0x00007ffd01940000 - 0x00007ffd0194a000 	C:\Users\VasilievAV\.jdks\openjdk-16.0.1\bin\jimage.dll
0x00007ffcf5660000 - 0x00007ffcf584d000 	C:\Windows\SYSTEM32\DBGHELP.DLL
0x00007ffcf5560000 - 0x00007ffcf558a000 	C:\Windows\SYSTEM32\dbgcore.DLL
0x00007ffcfa8d0000 - 0x00007ffcfa8de000 	C:\Users\VasilievAV\.jdks\openjdk-16.0.1\bin\instrument.dll
0x00007ffcfa6b0000 - 0x00007ffcfa6d5000 	C:\Users\VasilievAV\.jdks\openjdk-16.0.1\bin\java.dll
0x00007ffd0a640000 - 0x00007ffd0bb3a000 	C:\Windows\System32\SHELL32.dll
0x00007ffd0be80000 - 0x00007ffd0bf28000 	C:\Windows\System32\shcore.dll
0x00007ffd08ab0000 - 0x00007ffd091fb000 	C:\Windows\System32\windows.storage.dll
0x00007ffd08010000 - 0x00007ffd08034000 	C:\Windows\System32\profapi.dll
0x00007ffd08040000 - 0x00007ffd0809d000 	C:\Windows\System32\powrprof.dll
0x00007ffd0a200000 - 0x00007ffd0a252000 	C:\Windows\System32\shlwapi.dll
0x00007ffd08280000 - 0x00007ffd08297000 	C:\Windows\System32\cryptsp.dll
0x00007ffcf8150000 - 0x00007ffcf8168000 	C:\Users\VasilievAV\.jdks\openjdk-16.0.1\bin\zip.dll
0x00007ffcf9b00000 - 0x00007ffcf9b19000 	C:\Users\VasilievAV\.jdks\openjdk-16.0.1\bin\net.dll
0x00007ffd028f0000 - 0x00007ffd029e4000 	C:\Windows\SYSTEM32\WINHTTP.dll
0x00007ffd07830000 - 0x00007ffd07897000 	C:\Windows\system32\mswsock.dll
0x00007ffcf9a40000 - 0x00007ffcf9a53000 	C:\Users\VasilievAV\.jdks\openjdk-16.0.1\bin\nio.dll

dbghelp: loaded successfully - version: 4.0.5 - missing functions: none
symbol engine: initialized successfully - sym options: 0x614 - pdb path: .;C:\Users\VasilievAV\.jdks\openjdk-16.0.1\bin;C:\Windows\SYSTEM32;C:\Windows\WinSxS\amd64_microsoft.windows.common-controls_6595b64144ccf1df_6.0.17763.1697_none_de7644c45346d6cf;C:\Users\VasilievAV\.jdks\openjdk-16.0.1\bin\server

VM Arguments:
jvm_args: -javaagent:C:\Users\VasilievAV\.gradle\caches\modules-2\files-2.1\org.jetbrains.kotlinx\kotlinx-coroutines-core-jvm\1.5.1\59d09c330d2977b39e1e4c0e3711fc903e1b46b0\kotlinx-coroutines-core-jvm-1.5.1.jar -Dfile.encoding=windows-1251 -Duser.country=RU -Duser.language=ru -Duser.variant -ea 
java_command: MainKt
java_class_path (initial): D:\java\projects\untitled\build\classes\java\main;D:\java\projects\untitled\build\classes\kotlin\main;D:\java\projects\untitled\build\resources\main;C:\Users\VasilievAV\.gradle\caches\modules-2\files-2.1\org.jetbrains.kotlinx\kotlinx-coroutines-core-jvm\1.5.1\59d09c330d2977b39e1e4c0e3711fc903e1b46b0\kotlinx-coroutines-core-jvm-1.5.1.jar;C:\Users\VasilievAV\.gradle\caches\modules-2\files-2.1\org.jetbrains.kotlin\kotlin-stdlib-jdk8\1.6.10\e80fe6ac3c3573a80305f5ec43f86b829e8ab53d\kotlin-stdlib-jdk8-1.6.10.jar;C:\Users\VasilievAV\.gradle\caches\modules-2\files-2.1\org.jetbrains.kotlin\kotlin-stdlib-jdk7\1.6.10\e1c380673654a089c4f0c9f83d0ddfdc1efdb498\kotlin-stdlib-jdk7-1.6.10.jar;C:\Users\VasilievAV\.gradle\caches\modules-2\files-2.1\org.jetbrains.kotlin\kotlin-stdlib\1.6.10\b8af3fe6f1ca88526914929add63cf5e7c5049af\kotlin-stdlib-1.6.10.jar;C:\Users\VasilievAV\.gradle\caches\modules-2\files-2.1\org.jetbrains\annotations\13.0\919f0dfe192fb4e063e7dacadee7f8bb9a2672a9\annotations-13.0.jar;C:\Users\VasilievAV\.gradle\caches\modules-2\files-2.1\org.jetbrains.kotlin\kotlin-stdlib-common\1.6.10\c118700e3a33c8a0d9adc920e9dec0831171925\kotlin-stdlib-common-1.6.10.jar
Launcher Type: SUN_STANDARD

[Global flags]
     intx CICompilerCount                          = 3                                         {product} {ergonomic}
     uint ConcGCThreads                            = 1                                         {product} {ergonomic}
     uint G1ConcRefinementThreads                  = 4                                         {product} {ergonomic}
   size_t G1HeapRegionSize                         = 4194304                                   {product} {ergonomic}
    uintx GCDrainStackTargetSize                   = 64                                        {product} {ergonomic}
   size_t InitialHeapSize                          = 536870912                                 {product} {ergonomic}
   size_t MarkStackSize                            = 4194304                                   {product} {ergonomic}
   size_t MaxHeapSize                              = 8577351680                                {product} {ergonomic}
   size_t MaxNewSize                               = 5146411008                                {product} {ergonomic}
   size_t MinHeapDeltaBytes                        = 4194304                                   {product} {ergonomic}
   size_t MinHeapSize                              = 8388608                                   {product} {ergonomic}
    uintx NonNMethodCodeHeapSize                   = 5832780                                {pd product} {ergonomic}
    uintx NonProfiledCodeHeapSize                  = 122912730                              {pd product} {ergonomic}
    uintx ProfiledCodeHeapSize                     = 122912730                              {pd product} {ergonomic}
    uintx ReservedCodeCacheSize                    = 251658240                              {pd product} {ergonomic}
     bool SegmentedCodeCache                       = true                                      {product} {ergonomic}
   size_t SoftMaxHeapSize                          = 8577351680                             {manageable} {ergonomic}
     bool UseCompressedClassPointers               = true                           {product lp64_product} {ergonomic}
     bool UseCompressedOops                        = true                           {product lp64_product} {ergonomic}
     bool UseG1GC                                  = true                                      {product} {ergonomic}
     bool UseLargePagesIndividualAllocation        = false                                  {pd product} {ergonomic}

Logging:
Log output configuration:
 #0: stdout all=warning uptime,level,tags
 #1: stderr all=off uptime,level,tags

Environment Variables:
PATH=C:\Program Files\Common Files\Oracle\Java\javapath;C:\Program Files (x86)\Common Files\Oracle\Java\javapath;C:\Program Files (x86)\NVIDIA Corporation\PhysX\Common;C:\ProgramData\Oracle\Java\javapath;C:\Windows\system32;C:\Windows;C:\Windows\System32\Wbem;C:\Windows\System32\WindowsPowerShell\v1.0\;C:\Siemens\TcVis114otw\Products\Mockup\ClearanceDB;C:\Program Files (x86)\Windows Kits\8.1\Windows Performance Toolkit\;C:\PROGRA~2\FANUC\Shared\Utilities;C:\Program Files\nodejs\;C:\Program Files\Git\cmd;C:\Program Files (x86)\Common Files\Acronis\SnapAPI\;C:\Program Files\Docker\Docker\resources\bin;C:\ProgramData\DockerDesktop\version-bin;C:\Program Files\Microsoft SQL Server\Client SDK\ODBC\170\Tools\Binn\;C:\Program Files (x86)\Microsoft SQL Server\150\Tools\Binn\;C:\Program Files\Microsoft SQL Server\150\Tools\Binn\;C:\Program Files\Microsoft SQL Server\150\DTS\Binn\;C:\Program Files\PuTTY\;C:\Users\VasilievAV\AppData\Local\Microsoft\WindowsApps;
USERNAME=VasilievAV
OS=Windows_NT
PROCESSOR_IDENTIFIER=Intel64 Family 6 Model 94 Stepping 3, GenuineIntel



---------------  S Y S T E M  ---------------

OS:
 Windows 10 , 64 bit Build 17763 (10.0.17763.475)
OS uptime: 3 days 19:06 hours

CPU: total 4 (initial active 4) (4 cores per cpu, 1 threads per core) family 6 model 94 stepping 3 microcode 0xcc, cx8, cmov, fxsr, mmx, 3dnowpref, sse, sse2, sse3, ssse3, sse4.1, sse4.2, popcnt, lzcnt, tsc, tscinvbit, avx, avx2, aes, erms, clmul, bmi1, bmi2, rtm, adx, fma, vzeroupper, clflush, clflushopt

Memory: 4k page, system-wide physical 32713M (8155M free)
TotalPageFile size 32713M (AvailPageFile size 5M)
current process WorkingSet (physical memory assigned to process): 348M, peak: 348M
current process commit charge ("private bytes"): 610M, peak: 930M

vm_info: OpenJDK 64-Bit Server VM (16.0.1+9-24) for windows-amd64 JRE (16.0.1+9-24), built on Mar 26 2021 19:30:07 by "mach5one" with MS VC++ 16.7 (VS2019)

END.
